2024-04-01 01:47:12[Browser Return]
response_type = 0
account = 140105
terminal = 14010585
signValue = 71D4DDF12FABF9D2B29A134EDF7ABD9112F419EF77E5418626B5DF985B391C37
methods = Alipay_Web
order_number = 487
order_currency = HKD
order_amount = 90.00
order_notes = 
card_number = 
card_type = null
payment_country = CN
payment_id = 240401094706839010573
payment_Method = Alipay_Web
payment_authType = 0
payment_status = 0
payment_details = 80744:Customer canceled transaction
payment_solutions = 
payment_risk = 
payment_amount = null
payment_exchangeRate = null
pay_userId = null
pay_barCode = 
payment_bankInfo = 
woocommerce-login-nonce = 
_wpnonce = 
woocommerce-reset-password-nonce = 
*************************************
2024-04-01 01:47:06[POST to Oceanpayment]
account = 140105
terminal = 14010585
backUrl = http://test.wordpress.com/wc-api/return_oceanalipayhk/
order_number = 487
order_currency = HKD
order_amount = 90.00
billing_firstName = susan
billing_lastName = wan
billing_email = susanwan@oceanpayment.com.cn
billing_phone = 18564585325
billing_country = HK
billing_state = NEW TERRITORIES
billing_city = 深圳市
billing_address = 粤海街道
billing_zip = E1W1BQ
productName = Portable Power Supply12333
productNum = 1
productSku = 5
ship_firstName = susan
ship_lastName = wan
ship_phone = 18564585325
ship_country = HK
ship_state = NEW TERRITORIES
ship_city = 深圳市
ship_addr = 粤海街道
ship_zip = E1W1BQ
ship_email = susanwan@oceanpayment.com.cn
methods = Alipay_Web
signValue = f82fca2e8fc650909d64148611b6295a690e3c6cae8c3bd73e76d49f4edddcb7
cart_info = Woocommerce|V1.2.0|PC
cart_api = V1.4
order_notes = 
*************************************
